<?xml version="1.0" encoding="UTF-8"?>
<!-- Generated by org.testng.reporters.JUnitReportReporter -->
<testsuite hostname="MSI" failures="0" tests="1" name="tests.administrator.CreateRoleTest" time="8.647" errors="0" timestamp="2022-02-05T13:09:01 GMT+08:00" skipped="0">
  <testcase classname="tests.administrator.CreateRoleTest" name="init" time="8.647"/>
  <system-out/>
</testsuite> <!-- tests.administrator.CreateRoleTest -->
