<?xml version="1.0" encoding="UTF-8"?>
<!-- Generated by org.testng.reporters.JUnitReportReporter -->
<testsuite hostname="DESKTOP-O9UEFJA" failures="0" tests="1" name="tests.administrator.RegistrationTest" time="10.791" errors="0" timestamp="2022-04-19T19:47:35 SGT" skipped="0">
  <testcase classname="tests.administrator.RegistrationTest" name="init" time="10.791"/>
  <system-out/>
</testsuite> <!-- tests.administrator.RegistrationTest -->
