<?xml version="1.0" encoding="UTF-8"?>
<!-- Generated by org.testng.reporters.JUnitReportReporter -->
<testsuite hostname="MSI" failures="0" tests="5" name="tests.LoginLogoutTest" time="15.718" errors="0" timestamp="2022-02-04T22:19:03 GMT+08:00" skipped="0">
  <testcase classname="tests.LoginLogoutTest" name="init" time="3.449"/>
  <system-out/>
  <testcase classname="tests.LoginLogoutTest" name="init" time="2.349"/>
  <system-out/>
  <testcase classname="tests.LoginLogoutTest" name="init" time="5.523"/>
  <system-out/>
  <testcase classname="tests.LoginLogoutTest" name="init" time="2.243"/>
  <system-out/>
  <testcase classname="tests.LoginLogoutTest" name="init" time="2.154"/>
  <system-out/>
</testsuite> <!-- tests.LoginLogoutTest -->
