<?xml version="1.0" encoding="UTF-8"?>
<!-- Generated by org.testng.reporters.JUnitReportReporter -->
<testsuite hostname="DESKTOP-O9UEFJA" failures="0" tests="5" name="tests.LoginLogoutTest" time="55.887" errors="0" timestamp="2022-04-19T19:47:35 SGT" skipped="0">
  <testcase classname="tests.LoginLogoutTest" name="init" time="10.822"/>
  <system-out/>
  <testcase classname="tests.LoginLogoutTest" name="init" time="10.367"/>
  <system-out/>
  <testcase classname="tests.LoginLogoutTest" name="init" time="10.519"/>
  <system-out/>
  <testcase classname="tests.LoginLogoutTest" name="init" time="12.069"/>
  <system-out/>
  <testcase classname="tests.LoginLogoutTest" name="init" time="12.110"/>
  <system-out/>
</testsuite> <!-- tests.LoginLogoutTest -->
