<?xml version="1.0" encoding="UTF-8"?>
<!-- Generated by org.testng.reporters.JUnitReportReporter -->
<testsuite hostname="MSI" failures="0" tests="5" name="tests.LoginLogoutTest" time="33.514" errors="0" timestamp="2022-02-05T13:09:01 GMT+08:00" skipped="0">
  <testcase classname="tests.LoginLogoutTest" name="init" time="6.221"/>
  <system-out/>
  <testcase classname="tests.LoginLogoutTest" name="init" time="6.617"/>
  <system-out/>
  <testcase classname="tests.LoginLogoutTest" name="init" time="7.814"/>
  <system-out/>
  <testcase classname="tests.LoginLogoutTest" name="init" time="6.708"/>
  <system-out/>
  <testcase classname="tests.LoginLogoutTest" name="init" time="6.154"/>
  <system-out/>
</testsuite> <!-- tests.LoginLogoutTest -->
