<?xml version="1.0" encoding="UTF-8"?>
<!-- Generated by org.testng.reporters.JUnitReportReporter -->
<testsuite hostname="MSI" failures="0" tests="5" name="tests.LoginLogoutTest" time="18.766" errors="0" timestamp="2022-02-04T23:43:25 GMT+08:00" skipped="0">
  <testcase classname="tests.LoginLogoutTest" name="init" time="3.242"/>
  <system-out/>
  <testcase classname="tests.LoginLogoutTest" name="init" time="5.302"/>
  <system-out/>
  <testcase classname="tests.LoginLogoutTest" name="init" time="2.779"/>
  <system-out/>
  <testcase classname="tests.LoginLogoutTest" name="init" time="4.590"/>
  <system-out/>
  <testcase classname="tests.LoginLogoutTest" name="init" time="2.853"/>
  <system-out/>
</testsuite> <!-- tests.LoginLogoutTest -->
