<?xml version="1.0" encoding="UTF-8"?>
<!-- Generated by org.testng.reporters.JUnitReportReporter -->
<testsuite hostname="MSI" failures="0" tests="1" name="tests.LoginLogoutTest" time="2.356" errors="0" timestamp="2022-02-05T00:33:59 GMT+08:00" skipped="0">
  <testcase classname="tests.LoginLogoutTest" name="init" time="2.356"/>
  <system-out/>
</testsuite> <!-- tests.LoginLogoutTest -->
