<?xml version="1.0" encoding="UTF-8"?>
<!-- Generated by org.testng.reporters.JUnitReportReporter -->
<testsuite hostname="MSI" failures="0" tests="10" name="tests.LoginLogoutTest" time="13.372" errors="0" timestamp="2021-11-15T17:25:41 GMT+08:00" skipped="0">
  <testcase classname="tests.LoginLogoutTest" name="init" time="1.432"/>
  <system-out/>
  <testcase classname="tests.LoginLogoutTest" name="init" time="1.130"/>
  <system-out/>
  <testcase classname="tests.LoginLogoutTest" name="init" time="1.414"/>
  <system-out/>
  <testcase classname="tests.LoginLogoutTest" name="init" time="1.123"/>
  <system-out/>
  <testcase classname="tests.LoginLogoutTest" name="init" time="1.208"/>
  <system-out/>
  <testcase classname="tests.LoginLogoutTest" name="init" time="1.204"/>
  <system-out/>
  <testcase classname="tests.LoginLogoutTest" name="init" time="1.749"/>
  <system-out/>
  <testcase classname="tests.LoginLogoutTest" name="init" time="1.372"/>
  <system-out/>
  <testcase classname="tests.LoginLogoutTest" name="init" time="1.010"/>
  <system-out/>
  <testcase classname="tests.LoginLogoutTest" name="init" time="1.730"/>
  <system-out/>
</testsuite> <!-- tests.LoginLogoutTest -->
